<?xml version="1.0" encoding="UTF-8"?>
<testsuite xmlns:xsi="http://www.w3.org/2001/XMLSchema-instance" xsi:noNamespaceSchemaLocation="https://maven.apache.org/surefire/maven-surefire-plugin/xsd/surefire-test-report.xsd" name="zw.co.booker.bookstore.BookstoreApplicationTests" time="5.457" tests="1" errors="1" skipped="0" failures="0">
  <properties>
[...]
</properties>
  <testcase name="contextLoads" classname="zw.co.booker.bookstore.BookstoreApplicationTests" time="2.985">
    <error type="java.lang.StackOverflowError">java.lang.StackOverflowError
</error>
    <system-out><![CDATA[2022-05-04 10:49:54.730  INFO 245442 --- [           main] .b.t.c.SpringBootTestContextBootstrapper : Neither @ContextConfiguration nor @ContextHierarchy found for test class [zw.co.booker.bookstore.BookstoreApplicationTests], using SpringBootContextLoader
2022-05-04 10:49:54.730  INFO 245442 --- [           main] o.s.t.c.support.AbstractContextLoader    : Could not detect default resource locations for test class [zw.co.booker.bookstore.BookstoreApplicationTests]: no resource found for suffixes {-context.xml, Context.groovy}.
2022-05-04 10:49:54.731  INFO 245442 --- [           main] t.c.s.AnnotationConfigContextLoaderUtils : Could not detect default configuration classes for test class [zw.co.booker.bookstore.BookstoreApplicationTests]: BookstoreApplicationTests does not declare any static, non-private, non-final, nested classes annotated with @Configuration.
2022-05-04 10:49:54.742  INFO 245442 --- [           main] .b.t.c.SpringBootTestContextBootstrapper : Found @SpringBootConfiguration zw.co.booker.bookstore.BookstoreApplication for test class zw.co.booker.bookstore.BookstoreApplicationTests
2022-05-04 10:49:54.749  INFO 245442 --- [           main] .b.t.c.SpringBootTestContextBootstrapper : Loaded default TestExecutionListener class names from location [META-INF/spring.factories]: [org.springframework.boot.test.mock.mockito.MockitoTestExecutionListener, org.springframework.boot.test.mock.mockito.ResetMocksTestExecutionListener, org.springframework.boot.test.autoconfigure.restdocs.RestDocsTestExecutionListener, org.springframework.boot.test.autoconfigure.web.client.MockRestServiceServerResetTestExecutionListener, org.springframework.boot.test.autoconfigure.web.servlet.MockMvcPrintOnlyOnFailureTestExecutionListener, org.springframework.boot.test.autoconfigure.web.servlet.WebDriverTestExecutionListener, org.springframework.boot.test.autoconfigure.webservices.client.MockWebServiceServerTestExecutionListener, org.springframework.test.context.web.ServletTestExecutionListener, org.springframework.test.context.support.DirtiesContextBeforeModesTestExecutionListener, org.springframework.test.context.event.ApplicationEventsTestExecutionListener, org.springframework.test.context.support.DependencyInjectionTestExecutionListener, org.springframework.test.context.support.DirtiesContextTestExecutionListener, org.springframework.test.context.transaction.TransactionalTestExecutionListener, org.springframework.test.context.jdbc.SqlScriptsTestExecutionListener, org.springframework.test.context.event.EventPublishingTestExecutionListener, org.springframework.security.test.context.support.WithSecurityContextTestExecutionListener, org.springframework.security.test.context.support.ReactorContextTestExecutionListener]
2022-05-04 10:49:54.750  INFO 245442 --- [           main] .b.t.c.SpringBootTestContextBootstrapper : Using TestExecutionListeners: [org.springframework.test.context.web.ServletTestExecutionListener@602f8f94, org.springframework.test.context.support.DirtiesContextBeforeModesTestExecutionListener@42507640, org.springframework.test.context.event.ApplicationEventsTestExecutionListener@4dfe8b37, org.springframework.boot.test.mock.mockito.MockitoTestExecutionListener@11dcd42c, org.springframework.boot.test.autoconfigure.SpringBootDependencyInjectionTestExecutionListener@d13baac, org.springframework.test.context.support.DirtiesContextTestExecutionListener@4c302f38, org.springframework.test.context.transaction.TransactionalTestExecutionListener@75aea2ba, org.springframework.test.context.jdbc.SqlScriptsTestExecutionListener@2a47597, org.springframework.test.context.event.EventPublishingTestExecutionListener@12f279b5, org.springframework.security.test.context.support.WithSecurityContextTestExecutionListener@5ff6dd3c, org.springframework.security.test.context.support.ReactorContextTestExecutionListener@5fcd1f0a, org.springframework.boot.test.mock.mockito.ResetMocksTestExecutionListener@7e64c1a9, org.springframework.boot.test.autoconfigure.restdocs.RestDocsTestExecutionListener@7fda2001, org.springframework.boot.test.autoconfigure.web.client.MockRestServiceServerResetTestExecutionListener@162c1dfb, org.springframework.boot.test.autoconfigure.web.servlet.MockMvcPrintOnlyOnFailureTestExecutionListener@21ae657b, org.springframework.boot.test.autoconfigure.web.servlet.WebDriverTestExecutionListener@799f916e, org.springframework.boot.test.autoconfigure.webservices.client.MockWebServiceServerTestExecutionListener@576b7c74]

  .   ____          _            __ _ _
 /\\ / ___'_ __ _ _(_)_ __  __ _ \ \ \ \
( ( )\___ | '_ | '_| | '_ \/ _` | \ \ \ \
 \\/  ___)| |_)| | | | | || (_| |  ) ) ) )
  '  |____| .__|_| |_|_| |_\__, | / / / /
 =========|_|==============|___/=/_/_/_/
 :: Spring Boot ::                (v2.6.7)

2022-05-04 10:49:54.791  INFO 245442 --- [           main] z.c.b.b.BookstoreApplicationTests        : Starting BookstoreApplicationTests using Java 17.0.2 on tarbabyelvis with PID 245442 (started by tarbabyelvis in /home/tarbabyelvis/IdeaProjects/bookstore)
2022-05-04 10:49:54.792 DEBUG 245442 --- [           main] z.c.b.b.BookstoreApplicationTests        : Running with Spring Boot v2.6.7, Spring v5.3.19
2022-05-04 10:49:54.792  INFO 245442 --- [           main] z.c.b.b.BookstoreApplicationTests        : The following 1 profile is active: "dev"
2022-05-04 10:49:54.994  INFO 245442 --- [           main] .s.d.r.c.RepositoryConfigurationDelegate : Bootstrapping Spring Data JPA repositories in DEFAULT mode.
2022-05-04 10:49:55.033  INFO 245442 --- [           main] .s.d.r.c.RepositoryConfigurationDelegate : Finished Spring Data repository scanning in 32 ms. Found 2 JPA repository interfaces.
2022-05-04 10:49:55.347  INFO 245442 --- [           main] o.hibernate.jpa.internal.util.LogHelper  : HHH000204: Processing PersistenceUnitInfo [name: default]
2022-05-04 10:49:55.379  INFO 245442 --- [           main] org.hibernate.Version                    : HHH000412: Hibernate ORM core version 5.6.8.Final
2022-05-04 10:49:55.407  INFO 245442 --- [           main] o.hibernate.annotations.common.Version   : HCANN000001: Hibernate Commons Annotations {5.1.2.Final}
2022-05-04 10:49:55.495  INFO 245442 --- [           main] com.zaxxer.hikari.HikariDataSource       : HikariPool-1 - Starting...
2022-05-04 10:49:55.736  INFO 245442 --- [           main] com.zaxxer.hikari.HikariDataSource       : HikariPool-1 - Start completed.
2022-05-04 10:49:55.746  INFO 245442 --- [           main] org.hibernate.dialect.Dialect            : HHH000400: Using dialect: org.hibernate.dialect.PostgreSQL95Dialect
2022-05-04 10:49:56.072  INFO 245442 --- [           main] o.h.e.t.j.p.i.JtaPlatformInitiator       : HHH000490: Using JtaPlatform implementation: [org.hibernate.engine.transaction.jta.platform.internal.NoJtaPlatform]
2022-05-04 10:49:56.078  INFO 245442 --- [           main] j.LocalContainerEntityManagerFactoryBean : Initialized JPA EntityManagerFactory for persistence unit 'default'
2022-05-04 10:49:56.496  WARN 245442 --- [           main] JpaBaseConfiguration$JpaWebConfiguration : spring.jpa.open-in-view is enabled by default. Therefore, database queries may be performed during view rendering. Explicitly configure spring.jpa.open-in-view to disable this warning
2022-05-04 10:49:56.885  INFO 245442 --- [           main] o.s.s.web.DefaultSecurityFilterChain     : Will secure any request with [org.springframework.security.web.context.request.async.WebAsyncManagerIntegrationFilter@79080255, org.springframework.security.web.context.SecurityContextPersistenceFilter@3b3b2290, org.springframework.security.web.header.HeaderWriterFilter@5039c2cf, org.springframework.security.web.authentication.logout.LogoutFilter@5c9168c3, org.springframework.security.web.savedrequest.RequestCacheAwareFilter@49e92724, org.springframework.security.web.servletapi.SecurityContextHolderAwareRequestFilter@49482761, org.springframework.security.web.authentication.AnonymousAuthenticationFilter@2cdb53d6, org.springframework.security.web.session.SessionManagementFilter@34a99d8, org.springframework.security.web.access.ExceptionTranslationFilter@1be3a294, org.springframework.security.web.access.intercept.FilterSecurityInterceptor@3a574a3b]
2022-05-04 10:49:57.204  INFO 245442 --- [           main] z.c.b.b.BookstoreApplicationTests        : Started BookstoreApplicationTests in 2.452 seconds (JVM running for 4.499)
]]></system-out>
  </testcase>
</testsuite>